0 verbose cli C:\Users\17870\nodejs\node.exe C:\Users\17870\nodejs\node_modules\npm\bin\npm-cli.js
1 info using npm@10.9.2
2 info using node@v22.14.0
3 silly config load:file:C:\Users\17870\nodejs\node_modules\npm\npmrc
4 silly config load:file:C:\Users\17870\Desktop\react-travel\.npmrc
5 silly config load:file:C:\Users\17870\.npmrc
6 silly config load:file:C:\Users\17870\Desktop\react-travel\node_global\etc\npmrc
7 verbose title npm install leaflet react-leaflet
8 verbose argv "install" "leaflet" "react-leaflet"
9 verbose logfile logs-max:10 dir:C:\Users\17870\Desktop\react-travel\node_cache\_logs\2025-05-27T07_11_04_068Z-
10 verbose logfile C:\Users\17870\Desktop\react-travel\node_cache\_logs\2025-05-27T07_11_04_068Z-debug-0.log
11 silly logfile start cleaning logs, removing 1 files
12 silly packumentCache heap:4345298944 maxSize:1086324736 maxEntrySize:543162368
13 silly logfile done cleaning log files
14 silly idealTree buildDeps
15 silly fetch manifest leaflet@*
16 silly packumentCache full:https://registry.npmmirror.com/leaflet cache-miss
17 http fetch GET 200 https://registry.npmmirror.com/leaflet 363ms (cache miss)
18 silly packumentCache full:https://registry.npmmirror.com/leaflet set size:28463 disposed:false
19 silly fetch manifest react-leaflet@*
20 silly packumentCache full:https://registry.npmmirror.com/react-leaflet cache-miss
21 http fetch GET 200 https://registry.npmmirror.com/react-leaflet 129ms (cache miss)
22 silly packumentCache full:https://registry.npmmirror.com/react-leaflet set size:64916 disposed:false
23 silly fetch manifest react@^19.1.0
24 silly packumentCache full:https://registry.npmmirror.com/react cache-miss
25 http fetch GET 200 https://registry.npmmirror.com/react 65ms (cache revalidated)
26 silly packumentCache full:https://registry.npmmirror.com/react set size:5399650 disposed:false
27 silly fetch manifest react-dom@^19.1.0
28 silly packumentCache full:https://registry.npmmirror.com/react-dom cache-miss
29 http fetch GET 200 https://registry.npmmirror.com/react-dom 58ms (cache revalidated)
30 silly packumentCache full:https://registry.npmmirror.com/react-dom set size:6932348 disposed:false
31 silly placeDep ROOT leaflet@1.9.4 OK for: react-travel@0.1.0 want: *
32 silly placeDep ROOT react-leaflet@5.0.0 OK for: react-travel@0.1.0 want: *
33 silly fetch manifest @react-leaflet/core@^3.0.0
34 silly packumentCache full:https://registry.npmmirror.com/@react-leaflet%2fcore cache-miss
35 http fetch GET 200 https://registry.npmmirror.com/@react-leaflet%2fcore 63ms (cache miss)
36 silly packumentCache full:https://registry.npmmirror.com/@react-leaflet%2fcore set size:12692 disposed:false
37 silly fetch manifest typescript@>= 2.7
38 silly packumentCache full:https://registry.npmmirror.com/typescript cache-miss
39 http fetch GET 200 https://registry.npmmirror.com/typescript 471ms (cache miss)
40 silly packumentCache full:https://registry.npmmirror.com/typescript set size:1555293 disposed:false
41 silly placeDep ROOT typescript@5.8.3 OK for: fork-ts-checker-webpack-plugin@6.5.3 want: >= 2.7
42 silly fetch manifest leaflet@^1.9.0
43 silly packumentCache full:https://registry.npmmirror.com/leaflet cache-hit
44 silly fetch manifest react@^19.0.0
45 silly packumentCache full:https://registry.npmmirror.com/react cache-miss
46 http cache https://registry.npmmirror.com/react 31ms (cache hit)
47 silly packumentCache full:https://registry.npmmirror.com/react set size:5399650 disposed:false
48 silly fetch manifest react-dom@^19.0.0
49 silly packumentCache full:https://registry.npmmirror.com/react-dom cache-miss
50 http cache https://registry.npmmirror.com/react-dom 13ms (cache hit)
51 silly packumentCache full:https://registry.npmmirror.com/react-dom set size:6932348 disposed:false
52 silly placeDep ROOT @react-leaflet/core@3.0.0 OK for: react-leaflet@5.0.0 want: ^3.0.0
53 silly fetch manifest typescript@^3.2.1 || ^4
54 silly packumentCache full:https://registry.npmmirror.com/typescript cache-miss
55 http cache https://registry.npmmirror.com/typescript 19ms (cache hit)
56 silly packumentCache full:https://registry.npmmirror.com/typescript set size:13434179 disposed:false
57 silly placeDep ROOT typescript@4.9.5 REPLACE for: react-scripts@5.0.1 want: ^3.2.1 || ^4
58 silly fetch manifest react@^15.0.0 || ^16.0.0 || ^17.0.0 || ^18.0.0
59 silly packumentCache full:https://registry.npmmirror.com/react cache-miss
60 http cache https://registry.npmmirror.com/react 11ms (cache hit)
61 silly packumentCache full:https://registry.npmmirror.com/react set size:5399650 disposed:false
62 silly fetch manifest react-dom@^15.0.0 || ^16.0.0 || ^17.0.0 || ^18.0.0
63 silly packumentCache full:https://registry.npmmirror.com/react-dom cache-miss
64 http cache https://registry.npmmirror.com/react-dom 12ms (cache hit)
65 silly packumentCache full:https://registry.npmmirror.com/react-dom set size:6932348 disposed:false
66 verbose stack Error: could not resolve
66 verbose stack     at PlaceDep.failPeerConflict (C:\Users\17870\nodejs\node_modules\npm\node_modules\@npmcli\arborist\lib\place-dep.js:503:25)
66 verbose stack     at new PlaceDep (C:\Users\17870\nodejs\node_modules\npm\node_modules\@npmcli\arborist\lib\place-dep.js:157:21)
66 verbose stack     at #buildDepStep (C:\Users\17870\nodejs\node_modules\npm\node_modules\@npmcli\arborist\lib\arborist\build-ideal-tree.js:920:18)
66 verbose stack     at async Arborist.buildIdealTree (C:\Users\17870\nodejs\node_modules\npm\node_modules\@npmcli\arborist\lib\arborist\build-ideal-tree.js:181:7)
66 verbose stack     at async Promise.all (index 1)
66 verbose stack     at async Arborist.reify (C:\Users\17870\nodejs\node_modules\npm\node_modules\@npmcli\arborist\lib\arborist\reify.js:131:5)
66 verbose stack     at async Install.exec (C:\Users\17870\nodejs\node_modules\npm\lib\commands\install.js:150:5)
66 verbose stack     at async Npm.exec (C:\Users\17870\nodejs\node_modules\npm\lib\npm.js:207:9)
66 verbose stack     at async module.exports (C:\Users\17870\nodejs\node_modules\npm\lib\cli\entry.js:74:5)
67 error code ERESOLVE
68 error ERESOLVE could not resolve
69 error
70 error While resolving: video-react@0.16.0
70 error Found: react@19.1.0[2m[22m
70 error [2mnode_modules/react[22m
70 error   [95mpeer[39m react@">=16.0.0" from @ant-design/cssinjs@1.23.0[2m[22m
70 error   [2mnode_modules/@ant-design/cssinjs[22m
70 error     @ant-design/cssinjs@"^1.21.0" from @ant-design/cssinjs-utils@1.1.3[2m[22m
70 error     [2mnode_modules/@ant-design/cssinjs-utils[22m
70 error       @ant-design/cssinjs-utils@"^1.1.3" from antd@5.25.2[2m[22m
70 error       [2mnode_modules/antd[22m
70 error         antd@"^5.25.2" from the root project
70 error     @ant-design/cssinjs@"^1.23.0" from antd@5.25.2[2m[22m
70 error     [2mnode_modules/antd[22m
70 error       antd@"^5.25.2" from the root project
70 error   [95mpeer[39m react@">=16.9.0" from @ant-design/cssinjs-utils@1.1.3[2m[22m
70 error   [2mnode_modules/@ant-design/cssinjs-utils[22m
70 error     @ant-design/cssinjs-utils@"^1.1.3" from antd@5.25.2[2m[22m
70 error     [2mnode_modules/antd[22m
70 error       antd@"^5.25.2" from the root project
70 error   53 more (@ant-design/icons, @ant-design/react-slick, ...)
70 error
70 error Could not resolve dependency:
70 error [95mpeer[39m react@"^15.0.0 || ^16.0.0 || ^17.0.0 || ^18.0.0" from video-react@0.16.0[2m[22m
70 error [2mnode_modules/video-react[22m
70 error   video-react@"^0.16.0" from the root project
70 error
70 error Conflicting peer dependency: react@18.3.1[2m[22m
70 error [2mnode_modules/react[22m
70 error   [95mpeer[39m react@"^15.0.0 || ^16.0.0 || ^17.0.0 || ^18.0.0" from video-react@0.16.0[2m[22m
70 error   [2mnode_modules/video-react[22m
70 error     video-react@"^0.16.0" from the root project
70 error
70 error Fix the upstream dependency conflict, or retry
70 error this command with --force or --legacy-peer-deps
70 error to accept an incorrect (and potentially broken) dependency resolution.
71 error
71 error
71 error For a full report see:
71 error C:\Users\17870\Desktop\react-travel\node_cache\_logs\2025-05-27T07_11_04_068Z-eresolve-report.txt
72 silly unfinished npm timer reify 1748329864867
73 silly unfinished npm timer reify:loadTrees 1748329864868
74 silly unfinished npm timer idealTree:buildDeps 1748329865163
75 silly unfinished npm timer idealTree:node_modules/video-react 1748329866602
76 verbose cwd C:\Users\17870\Desktop\react-travel
77 verbose os Windows_NT 10.0.26100
78 verbose node v22.14.0
79 verbose npm  v10.9.2
80 verbose exit 1
81 verbose code 1
82 error A complete log of this run can be found in: C:\Users\17870\Desktop\react-travel\node_cache\_logs\2025-05-27T07_11_04_068Z-debug-0.log
