0 verbose cli C:\Users\17870\nodejs\node.exe C:\Users\17870\nodejs\node_modules\npm\bin\npm-cli.js
1 info using npm@10.9.2
2 info using node@v22.14.0
3 silly config load:file:C:\Users\17870\nodejs\node_modules\npm\npmrc
4 silly config load:file:C:\Users\17870\Desktop\react-travel\.npmrc
5 silly config load:file:C:\Users\17870\.npmrc
6 silly config load:file:C:\Users\17870\Desktop\react-travel\node_global\etc\npmrc
7 verbose title npm install react-router-dom
8 verbose argv "install" "react-router-dom"
9 verbose logfile logs-max:10 dir:C:\Users\17870\Desktop\react-travel\node_cache\_logs\2025-05-23T08_24_08_774Z-
10 verbose logfile C:\Users\17870\Desktop\react-travel\node_cache\_logs\2025-05-23T08_24_08_774Z-debug-0.log
11 silly logfile start cleaning logs, removing 1 files
12 silly packumentCache heap:4345298944 maxSize:1086324736 maxEntrySize:543162368
13 silly logfile done cleaning log files
14 silly idealTree buildDeps
15 silly fetch manifest react-router-dom@*
16 silly packumentCache full:https://registry.npmmirror.com/react-router-dom cache-miss
17 http fetch GET 200 https://registry.npmmirror.com/react-router-dom 633ms (cache miss)
18 silly packumentCache full:https://registry.npmmirror.com/react-router-dom set size:339650 disposed:false
19 silly fetch manifest react@^19.1.0
20 silly packumentCache full:https://registry.npmmirror.com/react cache-miss
21 http fetch GET 200 https://registry.npmmirror.com/react 78ms (cache revalidated)
22 silly packumentCache full:https://registry.npmmirror.com/react set size:5391225 disposed:false
23 silly fetch manifest react-dom@^19.1.0
24 silly packumentCache full:https://registry.npmmirror.com/react-dom cache-miss
25 http fetch GET 200 https://registry.npmmirror.com/react-dom 406ms (cache updated)
26 silly packumentCache full:https://registry.npmmirror.com/react-dom set size:1161906 disposed:false
27 silly placeDep ROOT react-router-dom@7.6.0 OK for: react-travel@0.1.0 want: *
28 silly fetch manifest react-router@7.6.0
29 silly packumentCache full:https://registry.npmmirror.com/react-router cache-miss
30 http fetch GET 200 https://registry.npmmirror.com/react-router 180ms (cache miss)
31 silly packumentCache full:https://registry.npmmirror.com/react-router set size:392371 disposed:false
32 silly fetch manifest react@>=18
33 silly packumentCache full:https://registry.npmmirror.com/react cache-miss
34 http cache https://registry.npmmirror.com/react 18ms (cache hit)
35 silly packumentCache full:https://registry.npmmirror.com/react set size:5391225 disposed:false
36 silly fetch manifest react-dom@>=18
37 silly packumentCache full:https://registry.npmmirror.com/react-dom cache-miss
38 http cache https://registry.npmmirror.com/react-dom 12ms (cache hit)
39 silly packumentCache full:https://registry.npmmirror.com/react-dom set size:6918272 disposed:false
40 silly placeDep ROOT react-router@7.6.0 OK for: react-router-dom@7.6.0 want: 7.6.0
41 silly fetch manifest cookie@^1.0.1
42 silly packumentCache full:https://registry.npmmirror.com/cookie cache-miss
43 silly fetch manifest set-cookie-parser@^2.6.0
44 silly packumentCache full:https://registry.npmmirror.com/set-cookie-parser cache-miss
45 http fetch GET 200 https://registry.npmmirror.com/set-cookie-parser 71ms (cache miss)
46 silly packumentCache full:https://registry.npmmirror.com/set-cookie-parser set size:13611 disposed:false
47 http fetch GET 200 https://registry.npmmirror.com/cookie 210ms (cache miss)
48 silly packumentCache full:https://registry.npmmirror.com/cookie set size:16138 disposed:false
49 silly placeDep node_modules/react-router cookie@1.0.2 OK for: react-router@7.6.0 want: ^1.0.1
50 silly placeDep ROOT set-cookie-parser@2.7.1 OK for: react-router@7.6.0 want: ^2.6.0
51 silly fetch manifest react@^15.0.0 || ^16.0.0 || ^17.0.0 || ^18.0.0
52 silly packumentCache full:https://registry.npmmirror.com/react cache-miss
53 http cache https://registry.npmmirror.com/react 9ms (cache hit)
54 silly packumentCache full:https://registry.npmmirror.com/react set size:5391225 disposed:false
55 silly fetch manifest react-dom@^15.0.0 || ^16.0.0 || ^17.0.0 || ^18.0.0
56 silly packumentCache full:https://registry.npmmirror.com/react-dom cache-miss
57 http cache https://registry.npmmirror.com/react-dom 13ms (cache hit)
58 silly packumentCache full:https://registry.npmmirror.com/react-dom set size:6918272 disposed:false
59 verbose stack Error: could not resolve
59 verbose stack     at PlaceDep.failPeerConflict (C:\Users\17870\nodejs\node_modules\npm\node_modules\@npmcli\arborist\lib\place-dep.js:503:25)
59 verbose stack     at new PlaceDep (C:\Users\17870\nodejs\node_modules\npm\node_modules\@npmcli\arborist\lib\place-dep.js:157:21)
59 verbose stack     at #buildDepStep (C:\Users\17870\nodejs\node_modules\npm\node_modules\@npmcli\arborist\lib\arborist\build-ideal-tree.js:920:18)
59 verbose stack     at async Arborist.buildIdealTree (C:\Users\17870\nodejs\node_modules\npm\node_modules\@npmcli\arborist\lib\arborist\build-ideal-tree.js:181:7)
59 verbose stack     at async Promise.all (index 1)
59 verbose stack     at async Arborist.reify (C:\Users\17870\nodejs\node_modules\npm\node_modules\@npmcli\arborist\lib\arborist\reify.js:131:5)
59 verbose stack     at async Install.exec (C:\Users\17870\nodejs\node_modules\npm\lib\commands\install.js:150:5)
59 verbose stack     at async Npm.exec (C:\Users\17870\nodejs\node_modules\npm\lib\npm.js:207:9)
59 verbose stack     at async module.exports (C:\Users\17870\nodejs\node_modules\npm\lib\cli\entry.js:74:5)
60 error code ERESOLVE
61 error ERESOLVE could not resolve
62 error
63 error While resolving: video-react@0.16.0
63 error Found: react@19.1.0[2m[22m
63 error [2mnode_modules/react[22m
63 error   [95mpeer[39m react@">=16.0.0" from @ant-design/cssinjs@1.23.0[2m[22m
63 error   [2mnode_modules/@ant-design/cssinjs[22m
63 error     @ant-design/cssinjs@"^1.21.0" from @ant-design/cssinjs-utils@1.1.3[2m[22m
63 error     [2mnode_modules/@ant-design/cssinjs-utils[22m
63 error       @ant-design/cssinjs-utils@"^1.1.3" from antd@5.25.2[2m[22m
63 error       [2mnode_modules/antd[22m
63 error         antd@"^5.25.2" from the root project
63 error     @ant-design/cssinjs@"^1.23.0" from antd@5.25.2[2m[22m
63 error     [2mnode_modules/antd[22m
63 error       antd@"^5.25.2" from the root project
63 error   [95mpeer[39m react@">=16.9.0" from @ant-design/cssinjs-utils@1.1.3[2m[22m
63 error   [2mnode_modules/@ant-design/cssinjs-utils[22m
63 error     @ant-design/cssinjs-utils@"^1.1.3" from antd@5.25.2[2m[22m
63 error     [2mnode_modules/antd[22m
63 error       antd@"^5.25.2" from the root project
63 error   50 more (@ant-design/icons, @ant-design/react-slick, ...)
63 error
63 error Could not resolve dependency:
63 error [95mpeer[39m react@"^15.0.0 || ^16.0.0 || ^17.0.0 || ^18.0.0" from video-react@0.16.0[2m[22m
63 error [2mnode_modules/video-react[22m
63 error   video-react@"^0.16.0" from the root project
63 error
63 error Conflicting peer dependency: react@18.3.1[2m[22m
63 error [2mnode_modules/react[22m
63 error   [95mpeer[39m react@"^15.0.0 || ^16.0.0 || ^17.0.0 || ^18.0.0" from video-react@0.16.0[2m[22m
63 error   [2mnode_modules/video-react[22m
63 error     video-react@"^0.16.0" from the root project
63 error
63 error Fix the upstream dependency conflict, or retry
63 error this command with --force or --legacy-peer-deps
63 error to accept an incorrect (and potentially broken) dependency resolution.
64 error
64 error
64 error For a full report see:
64 error C:\Users\17870\Desktop\react-travel\node_cache\_logs\2025-05-23T08_24_08_774Z-eresolve-report.txt
65 silly unfinished npm timer reify 1747988649284
66 silly unfinished npm timer reify:loadTrees 1747988649284
67 silly unfinished npm timer idealTree:buildDeps 1747988649568
68 silly unfinished npm timer idealTree:node_modules/video-react 1747988651219
69 verbose cwd C:\Users\17870\Desktop\react-travel
70 verbose os Windows_NT 10.0.26100
71 verbose node v22.14.0
72 verbose npm  v10.9.2
73 verbose exit 1
74 verbose code 1
75 error A complete log of this run can be found in: C:\Users\17870\Desktop\react-travel\node_cache\_logs\2025-05-23T08_24_08_774Z-debug-0.log
