0 verbose cli C:\Users\17870\nodejs\node.exe C:\Users\17870\nodejs\node_modules\npm\bin\npm-cli.js
1 info using npm@10.9.2
2 info using node@v22.14.0
3 silly config load:file:C:\Users\17870\nodejs\node_modules\npm\npmrc
4 silly config load:file:C:\Users\17870\Desktop\react-travel\.npmrc
5 silly config load:file:C:\Users\17870\.npmrc
6 silly config load:file:C:\Users\17870\Desktop\react-travel\node_global\etc\npmrc
7 verbose title npm install echarts
8 verbose argv "install" "echarts"
9 verbose logfile logs-max:10 dir:C:\Users\17870\Desktop\react-travel\node_cache\_logs\2025-05-23T09_20_57_613Z-
10 verbose logfile C:\Users\17870\Desktop\react-travel\node_cache\_logs\2025-05-23T09_20_57_613Z-debug-0.log
11 silly logfile start cleaning logs, removing 1 files
12 silly packumentCache heap:4345298944 maxSize:1086324736 maxEntrySize:543162368
13 silly logfile done cleaning log files
14 silly idealTree buildDeps
15 silly fetch manifest echarts@*
16 silly packumentCache full:https://registry.npmmirror.com/echarts cache-miss
17 http fetch GET 200 https://registry.npmmirror.com/echarts 1097ms (cache miss)
18 silly packumentCache full:https://registry.npmmirror.com/echarts set size:55669 disposed:false
19 silly placeDep ROOT echarts@5.6.0 OK for: react-travel@0.1.0 want: *
20 silly fetch manifest tslib@2.3.0
21 silly packumentCache full:https://registry.npmmirror.com/tslib cache-miss
22 silly fetch manifest zrender@5.6.1
23 silly packumentCache full:https://registry.npmmirror.com/zrender cache-miss
24 http fetch GET 200 https://registry.npmmirror.com/tslib 116ms (cache miss)
25 silly packumentCache full:https://registry.npmmirror.com/tslib set size:33190 disposed:false
26 http fetch GET 200 https://registry.npmmirror.com/zrender 364ms (cache miss)
27 silly packumentCache full:https://registry.npmmirror.com/zrender set size:32452 disposed:false
28 silly placeDep node_modules/echarts tslib@2.3.0 OK for: echarts@5.6.0 want: 2.3.0
29 silly placeDep ROOT zrender@5.6.1 OK for: echarts@5.6.0 want: 5.6.1
30 silly fetch manifest react@^15.0.0 || ^16.0.0 || ^17.0.0 || ^18.0.0
31 silly packumentCache full:https://registry.npmmirror.com/react cache-miss
32 http fetch GET 200 https://registry.npmmirror.com/react 1034ms (cache updated)
33 silly packumentCache full:https://registry.npmmirror.com/react set size:1049041 disposed:false
34 silly fetch manifest react-dom@^15.0.0 || ^16.0.0 || ^17.0.0 || ^18.0.0
35 silly packumentCache full:https://registry.npmmirror.com/react-dom cache-miss
36 http fetch GET 200 https://registry.npmmirror.com/react-dom 781ms (cache updated)
37 silly packumentCache full:https://registry.npmmirror.com/react-dom set size:1161904 disposed:false
38 verbose stack Error: could not resolve
38 verbose stack     at PlaceDep.failPeerConflict (C:\Users\17870\nodejs\node_modules\npm\node_modules\@npmcli\arborist\lib\place-dep.js:503:25)
38 verbose stack     at new PlaceDep (C:\Users\17870\nodejs\node_modules\npm\node_modules\@npmcli\arborist\lib\place-dep.js:157:21)
38 verbose stack     at #buildDepStep (C:\Users\17870\nodejs\node_modules\npm\node_modules\@npmcli\arborist\lib\arborist\build-ideal-tree.js:920:18)
38 verbose stack     at async Arborist.buildIdealTree (C:\Users\17870\nodejs\node_modules\npm\node_modules\@npmcli\arborist\lib\arborist\build-ideal-tree.js:181:7)
38 verbose stack     at async Promise.all (index 1)
38 verbose stack     at async Arborist.reify (C:\Users\17870\nodejs\node_modules\npm\node_modules\@npmcli\arborist\lib\arborist\reify.js:131:5)
38 verbose stack     at async Install.exec (C:\Users\17870\nodejs\node_modules\npm\lib\commands\install.js:150:5)
38 verbose stack     at async Npm.exec (C:\Users\17870\nodejs\node_modules\npm\lib\npm.js:207:9)
38 verbose stack     at async module.exports (C:\Users\17870\nodejs\node_modules\npm\lib\cli\entry.js:74:5)
39 error code ERESOLVE
40 error ERESOLVE could not resolve
41 error
42 error While resolving: video-react@0.16.0
42 error Found: react@19.1.0[2m[22m
42 error [2mnode_modules/react[22m
42 error   [95mpeer[39m react@">=16.0.0" from @ant-design/cssinjs@1.23.0[2m[22m
42 error   [2mnode_modules/@ant-design/cssinjs[22m
42 error     @ant-design/cssinjs@"^1.21.0" from @ant-design/cssinjs-utils@1.1.3[2m[22m
42 error     [2mnode_modules/@ant-design/cssinjs-utils[22m
42 error       @ant-design/cssinjs-utils@"^1.1.3" from antd@5.25.2[2m[22m
42 error       [2mnode_modules/antd[22m
42 error         antd@"^5.25.2" from the root project
42 error     @ant-design/cssinjs@"^1.23.0" from antd@5.25.2[2m[22m
42 error     [2mnode_modules/antd[22m
42 error       antd@"^5.25.2" from the root project
42 error   [95mpeer[39m react@">=16.9.0" from @ant-design/cssinjs-utils@1.1.3[2m[22m
42 error   [2mnode_modules/@ant-design/cssinjs-utils[22m
42 error     @ant-design/cssinjs-utils@"^1.1.3" from antd@5.25.2[2m[22m
42 error     [2mnode_modules/antd[22m
42 error       antd@"^5.25.2" from the root project
42 error   50 more (@ant-design/icons, @ant-design/react-slick, ...)
42 error
42 error Could not resolve dependency:
42 error [95mpeer[39m react@"^15.0.0 || ^16.0.0 || ^17.0.0 || ^18.0.0" from video-react@0.16.0[2m[22m
42 error [2mnode_modules/video-react[22m
42 error   video-react@"^0.16.0" from the root project
42 error
42 error Conflicting peer dependency: react@18.3.1[2m[22m
42 error [2mnode_modules/react[22m
42 error   [95mpeer[39m react@"^15.0.0 || ^16.0.0 || ^17.0.0 || ^18.0.0" from video-react@0.16.0[2m[22m
42 error   [2mnode_modules/video-react[22m
42 error     video-react@"^0.16.0" from the root project
42 error
42 error Fix the upstream dependency conflict, or retry
42 error this command with --force or --legacy-peer-deps
42 error to accept an incorrect (and potentially broken) dependency resolution.
43 error
43 error
43 error For a full report see:
43 error C:\Users\17870\Desktop\react-travel\node_cache\_logs\2025-05-23T09_20_57_613Z-eresolve-report.txt
44 silly unfinished npm timer reify 1747992058099
45 silly unfinished npm timer reify:loadTrees 1747992058100
46 silly unfinished npm timer idealTree:buildDeps 1747992058376
47 silly unfinished npm timer idealTree:node_modules/video-react 1747992059850
48 verbose cwd C:\Users\17870\Desktop\react-travel
49 verbose os Windows_NT 10.0.26100
50 verbose node v22.14.0
51 verbose npm  v10.9.2
52 verbose exit 1
53 verbose code 1
54 error A complete log of this run can be found in: C:\Users\17870\Desktop\react-travel\node_cache\_logs\2025-05-23T09_20_57_613Z-debug-0.log
