0 verbose cli C:\Users\17870\nodejs\node.exe C:\Users\17870\nodejs\node_modules\npm\bin\npm-cli.js
1 info using npm@10.9.2
2 info using node@v22.14.0
3 silly config load:file:C:\Users\17870\nodejs\node_modules\npm\npmrc
4 silly config load:file:C:\Users\17870\Desktop\react-travel\.npmrc
5 silly config load:file:C:\Users\17870\.npmrc
6 silly config load:file:C:\Users\17870\Desktop\react-travel\node_global\etc\npmrc
7 verbose title npm install echarts-for-react
8 verbose argv "install" "--save" "echarts-for-react"
9 verbose logfile logs-max:10 dir:C:\Users\17870\Desktop\react-travel\node_cache\_logs\2025-05-27T06_21_46_885Z-
10 verbose logfile C:\Users\17870\Desktop\react-travel\node_cache\_logs\2025-05-27T06_21_46_885Z-debug-0.log
11 silly logfile start cleaning logs, removing 1 files
12 silly packumentCache heap:4345298944 maxSize:1086324736 maxEntrySize:543162368
13 silly logfile done cleaning log files
14 silly idealTree buildDeps
15 silly fetch manifest echarts-for-react@*
16 silly packumentCache full:https://registry.npmmirror.com/echarts-for-react cache-miss
17 http fetch GET 200 https://registry.npmmirror.com/echarts-for-react 353ms (cache miss)
18 silly packumentCache full:https://registry.npmmirror.com/echarts-for-react set size:23158 disposed:false
19 silly fetch manifest echarts@^5.6.0
20 silly packumentCache full:https://registry.npmmirror.com/echarts cache-miss
21 http fetch GET 200 https://registry.npmmirror.com/echarts 89ms (cache updated)
22 silly packumentCache full:https://registry.npmmirror.com/echarts set size:55665 disposed:false
23 silly fetch manifest react@^19.1.0
24 silly packumentCache full:https://registry.npmmirror.com/react cache-miss
25 http fetch GET 200 https://registry.npmmirror.com/react 351ms (cache updated)
26 silly packumentCache full:https://registry.npmmirror.com/react set size:1050456 disposed:false
27 silly placeDep ROOT echarts-for-react@3.0.2 OK for: react-travel@0.1.0 want: *
28 silly fetch manifest size-sensor@^1.0.1
29 silly packumentCache full:https://registry.npmmirror.com/size-sensor cache-miss
30 http fetch GET 200 https://registry.npmmirror.com/size-sensor 64ms (cache miss)
31 silly packumentCache full:https://registry.npmmirror.com/size-sensor set size:6659 disposed:false
32 silly placeDep ROOT size-sensor@1.0.2 OK for: echarts-for-react@3.0.2 want: ^1.0.1
33 silly fetch manifest react@^15.0.0 || ^16.0.0 || ^17.0.0 || ^18.0.0
34 silly packumentCache full:https://registry.npmmirror.com/react cache-miss
35 http cache https://registry.npmmirror.com/react 11ms (cache hit)
36 silly packumentCache full:https://registry.npmmirror.com/react set size:5399650 disposed:false
37 silly fetch manifest react-dom@^15.0.0 || ^16.0.0 || ^17.0.0 || ^18.0.0
38 silly packumentCache full:https://registry.npmmirror.com/react-dom cache-miss
39 http fetch GET 200 https://registry.npmmirror.com/react-dom 417ms (cache updated)
40 silly packumentCache full:https://registry.npmmirror.com/react-dom set size:1163753 disposed:false
41 verbose stack Error: could not resolve
41 verbose stack     at PlaceDep.failPeerConflict (C:\Users\17870\nodejs\node_modules\npm\node_modules\@npmcli\arborist\lib\place-dep.js:503:25)
41 verbose stack     at new PlaceDep (C:\Users\17870\nodejs\node_modules\npm\node_modules\@npmcli\arborist\lib\place-dep.js:157:21)
41 verbose stack     at #buildDepStep (C:\Users\17870\nodejs\node_modules\npm\node_modules\@npmcli\arborist\lib\arborist\build-ideal-tree.js:920:18)
41 verbose stack     at async Arborist.buildIdealTree (C:\Users\17870\nodejs\node_modules\npm\node_modules\@npmcli\arborist\lib\arborist\build-ideal-tree.js:181:7)
41 verbose stack     at async Promise.all (index 1)
41 verbose stack     at async Arborist.reify (C:\Users\17870\nodejs\node_modules\npm\node_modules\@npmcli\arborist\lib\arborist\reify.js:131:5)
41 verbose stack     at async Install.exec (C:\Users\17870\nodejs\node_modules\npm\lib\commands\install.js:150:5)
41 verbose stack     at async Npm.exec (C:\Users\17870\nodejs\node_modules\npm\lib\npm.js:207:9)
41 verbose stack     at async module.exports (C:\Users\17870\nodejs\node_modules\npm\lib\cli\entry.js:74:5)
42 error code ERESOLVE
43 error ERESOLVE could not resolve
44 error
45 error While resolving: video-react@0.16.0
45 error Found: react@19.1.0[2m[22m
45 error [2mnode_modules/react[22m
45 error   [95mpeer[39m react@">=16.0.0" from @ant-design/cssinjs@1.23.0[2m[22m
45 error   [2mnode_modules/@ant-design/cssinjs[22m
45 error     @ant-design/cssinjs@"^1.21.0" from @ant-design/cssinjs-utils@1.1.3[2m[22m
45 error     [2mnode_modules/@ant-design/cssinjs-utils[22m
45 error       @ant-design/cssinjs-utils@"^1.1.3" from antd@5.25.2[2m[22m
45 error       [2mnode_modules/antd[22m
45 error         antd@"^5.25.2" from the root project
45 error     @ant-design/cssinjs@"^1.23.0" from antd@5.25.2[2m[22m
45 error     [2mnode_modules/antd[22m
45 error       antd@"^5.25.2" from the root project
45 error   [95mpeer[39m react@">=16.9.0" from @ant-design/cssinjs-utils@1.1.3[2m[22m
45 error   [2mnode_modules/@ant-design/cssinjs-utils[22m
45 error     @ant-design/cssinjs-utils@"^1.1.3" from antd@5.25.2[2m[22m
45 error     [2mnode_modules/antd[22m
45 error       antd@"^5.25.2" from the root project
45 error   51 more (@ant-design/icons, @ant-design/react-slick, ...)
45 error
45 error Could not resolve dependency:
45 error [95mpeer[39m react@"^15.0.0 || ^16.0.0 || ^17.0.0 || ^18.0.0" from video-react@0.16.0[2m[22m
45 error [2mnode_modules/video-react[22m
45 error   video-react@"^0.16.0" from the root project
45 error
45 error Conflicting peer dependency: react@18.3.1[2m[22m
45 error [2mnode_modules/react[22m
45 error   [95mpeer[39m react@"^15.0.0 || ^16.0.0 || ^17.0.0 || ^18.0.0" from video-react@0.16.0[2m[22m
45 error   [2mnode_modules/video-react[22m
45 error     video-react@"^0.16.0" from the root project
45 error
45 error Fix the upstream dependency conflict, or retry
45 error this command with --force or --legacy-peer-deps
45 error to accept an incorrect (and potentially broken) dependency resolution.
46 error
46 error
46 error For a full report see:
46 error C:\Users\17870\Desktop\react-travel\node_cache\_logs\2025-05-27T06_21_46_885Z-eresolve-report.txt
47 silly unfinished npm timer reify 1748326907625
48 silly unfinished npm timer reify:loadTrees 1748326907625
49 silly unfinished npm timer idealTree:buildDeps 1748326907909
50 silly unfinished npm timer idealTree:node_modules/video-react 1748326908799
51 verbose cwd C:\Users\17870\Desktop\react-travel
52 verbose os Windows_NT 10.0.26100
53 verbose node v22.14.0
54 verbose npm  v10.9.2
55 verbose exit 1
56 verbose code 1
57 error A complete log of this run can be found in: C:\Users\17870\Desktop\react-travel\node_cache\_logs\2025-05-27T06_21_46_885Z-debug-0.log
